c:\git\atalogue\debug\cs.bsc
c:\git\atalogue\cs\debug\cs.pch.codeanalysis
c:\git\atalogue\cs\debug\vc120.pdb
c:\git\atalogue\cs\debug\vc120.idb
c:\git\atalogue\cs\debug\stdafx.sbr
c:\git\atalogue\cs\debug\cs.pch.codeanalysisast
c:\git\atalogue\cs\debug\stdafx.nativecodeanalysis.xml
c:\git\atalogue\cs\debug\stdafx.obj
c:\git\atalogue\cs\debug\cs.sbr
c:\git\atalogue\cs\debug\cs.nativecodeanalysis.xml
c:\git\atalogue\cs\debug\cs.obj
c:\git\atalogue\debug\cs.ilk
c:\git\atalogue\debug\cs.exe
c:\git\atalogue\debug\cs.pdb
c:\git\atalogue\cs\debug\nativecodeanalysis.read.1.tlog
c:\git\atalogue\cs\debug\vc.nativecodeanalysis.all.xml
c:\git\atalogue\debug\cs.exe.lastcodeanalysissucceeded
c:\git\atalogue\cs\debug\cs.tlog\bscmake.command.1.tlog
c:\git\atalogue\cs\debug\cs.tlog\bscmake.read.1.tlog
c:\git\atalogue\cs\debug\cs.tlog\bscmake.write.1.tlog
c:\git\atalogue\cs\debug\cs.tlog\cl.command.1.tlog
c:\git\atalogue\cs\debug\cs.tlog\cl.read.1.tlog
c:\git\atalogue\cs\debug\cs.tlog\cl.write.1.tlog
c:\git\atalogue\cs\debug\cs.tlog\link.command.1.tlog
c:\git\atalogue\cs\debug\cs.tlog\link.read.1.tlog
c:\git\atalogue\cs\debug\cs.tlog\link.write.1.tlog
